[2016-11-20 17:52:17] system.INFO: ----------- Request from 1.1.1.43 /TananutServer/tblogger2/user/login/? [] []
[2016-11-20 17:52:18] system.INFO: Query Command : SELECT * FROM fb_users  WHERE facebook_id LIKE 1177101972355928  [] []
[2016-11-20 17:52:18] system.INFO: Query Params : [] [] []
[2016-11-20 17:52:18] system.INFO: Query Command : INSERT INTO users (first_name,last_name,picture_src) VALUES ('Bhurivat','Montri','https://scontent.xx.fbcdn.net/v/t1.0-1/c0.0.50.50/p50x50/15056322_1174055655993893_3749464813267731222_n.jpg?oh=79a6df6869784120d87bb580f6601d60&oe=58BD2298')  [] []
[2016-11-20 17:52:18] system.INFO: Query Params : [] [] []
[2016-11-20 17:52:18] system.INFO: Query Command : SELECT id FROM users  WHERE first_name LIKE 'Bhurivat'  AND last_name LIKE 'Montri'  AND picture_src LIKE 'https://scontent.xx.fbcdn.net/v/t1.0-1/c0.0.50.50/p50x50/15056322_1174055655993893_3749464813267731222_n.jpg?oh=79a6df6869784120d87bb580f6601d60&oe=58BD2298'  [] []
[2016-11-20 17:52:18] system.INFO: Query Params : [] [] []
[2016-11-20 17:52:18] system.INFO: Query Command : INSERT INTO fb_users (user_id,facebook_id,access_token) VALUES (6,1177101972355928,'EAARyTPap1EEBAI6p9UJTygyC2z5y5xBkBw2dZAKPRbjl5xEFRVFZBPBb583EFC9aQt699LRiKOF5eRknZCEystQsMJSRTeHje9Rr6gcrZC6quPK4EV2UWlqcJShDGJEAoZBu4Y20oirb6naBEkPaVKCvea7QQ9i8VcqyZB3GypBAZDZD')  [] []
[2016-11-20 17:52:18] system.INFO: Query Params : [] [] []
[2016-11-20 17:52:18] system.INFO: Query Command : SELECT user_id FROM fb_users  WHERE facebook_id LIKE '1177101972355928'  [] []
[2016-11-20 17:52:18] system.INFO: Query Params : [] [] []
[2016-11-20 17:52:18] system.INFO: Response code: <200>  [] []
[2016-11-20 17:52:18] system.INFO: ----------- Response message : {"success":true,"user_id":6} [] []
[2016-11-20 17:52:34] system.INFO: ----------- Request from 1.1.1.43 /TananutServer/tblogger2/user/login/? [] []
[2016-11-20 17:52:35] system.INFO: Query Command : SELECT * FROM fb_users  WHERE facebook_id LIKE 1177101972355928  [] []
[2016-11-20 17:52:35] system.INFO: Query Params : [] [] []
[2016-11-20 17:52:35] system.INFO: Query Command : INSERT INTO fb_users () VALUES ()  [] []
[2016-11-20 17:52:35] system.INFO: Query Params : [] [] []
[2016-11-20 17:52:35] system.INFO: Query Command : SELECT user_id FROM fb_users  WHERE facebook_id LIKE '1177101972355928'  [] []
[2016-11-20 17:52:35] system.INFO: Query Params : [] [] []
[2016-11-20 17:52:35] system.INFO: Response code: <200>  [] []
[2016-11-20 17:52:35] system.INFO: ----------- Response message : {"success":true,"user_id":6} [] []
[2016-11-20 17:52:44] system.INFO: ----------- Request from 1.1.1.43 /TananutServer/tblogger2/user/login/? [] []
[2016-11-20 17:52:45] system.INFO: Query Command : SELECT * FROM fb_users  WHERE facebook_id LIKE 1177101972355928  [] []
[2016-11-20 17:52:45] system.INFO: Query Params : [] [] []
[2016-11-20 17:52:45] system.INFO: Query Command : INSERT INTO fb_users () VALUES ()  [] []
[2016-11-20 17:52:45] system.INFO: Query Params : [] [] []
[2016-11-20 17:52:45] system.INFO: Query Command : SELECT user_id FROM fb_users  WHERE facebook_id LIKE '1177101972355928'  [] []
[2016-11-20 17:52:45] system.INFO: Query Params : [] [] []
[2016-11-20 17:52:45] system.INFO: Response code: <200>  [] []
[2016-11-20 17:52:45] system.INFO: ----------- Response message : {"success":true,"user_id":6} [] []
[2016-11-20 17:52:45] system.INFO: ----------- Request from 1.1.1.43 /TananutServer/tblogger2/board/getListText [] []
[2016-11-20 17:52:45] system.INFO: Query Command : SELECT * FROM boards  WHERE user_id = 6  [] []
[2016-11-20 17:52:45] system.INFO: Query Params : [] [] []
[2016-11-20 17:52:45] system.INFO: Query Command : SELECT first_name, last_name, picture_src FROM users  WHERE id = 6  [] []
[2016-11-20 17:52:45] system.INFO: Query Params : [] [] []
[2016-11-20 17:52:45] system.INFO: Response code: <200>  [] []
[2016-11-20 17:52:45] system.INFO: ----------- Response message : {"success":true,"message":[{"first_name":"Bhurivat","last_name":"Montri","picture_src":"https:\/\/scontent.xx.fbcdn.net\/v\/t1.0-1\/c0.0.50.50\/p50x50\/15056322_1174055655993893_3749464813267731222_n.jpg?oh=79a6df6869784120d87bb580f6601d60&oe=58BD2298"}]} [] []
[2016-11-20 17:53:23] system.INFO: ----------- Request from 1.1.1.43 /TananutServer/tblogger2/user/login/? [] []
[2016-11-20 17:53:23] system.INFO: Query Command : SELECT * FROM fb_users  WHERE facebook_id LIKE 1177101972355928  [] []
[2016-11-20 17:53:23] system.INFO: Query Params : [] [] []
[2016-11-20 17:53:23] system.INFO: Query Command : INSERT INTO fb_users () VALUES ()  [] []
[2016-11-20 17:53:23] system.INFO: Query Params : [] [] []
[2016-11-20 17:53:23] system.INFO: Query Command : SELECT user_id FROM fb_users  WHERE facebook_id LIKE '1177101972355928'  [] []
[2016-11-20 17:53:23] system.INFO: Query Params : [] [] []
[2016-11-20 17:53:23] system.INFO: Response code: <200>  [] []
[2016-11-20 17:53:23] system.INFO: ----------- Response message : {"success":true,"user_id":6} [] []
[2016-11-20 17:53:23] system.INFO: ----------- Request from 1.1.1.43 /TananutServer/tblogger2/board/getListText [] []
[2016-11-20 17:53:23] system.INFO: Query Command : SELECT * FROM boards  WHERE user_id = 6  [] []
[2016-11-20 17:53:23] system.INFO: Query Params : [] [] []
[2016-11-20 17:53:23] system.INFO: Query Command : SELECT first_name, last_name, picture_src FROM users  WHERE id = 6  [] []
[2016-11-20 17:53:23] system.INFO: Query Params : [] [] []
[2016-11-20 17:53:23] system.INFO: Response code: <200>  [] []
[2016-11-20 17:53:23] system.INFO: ----------- Response message : {"success":true,"message":[{"first_name":"Bhurivat","last_name":"Montri","picture_src":"https:\/\/scontent.xx.fbcdn.net\/v\/t1.0-1\/c0.0.50.50\/p50x50\/15056322_1174055655993893_3749464813267731222_n.jpg?oh=79a6df6869784120d87bb580f6601d60&oe=58BD2298"}]} [] []
[2016-11-20 17:53:38] system.INFO: ----------- Request from 1.1.1.43 /TananutServer/tblogger2/user/login/? [] []
[2016-11-20 17:53:39] system.INFO: Query Command : SELECT * FROM fb_users  WHERE facebook_id LIKE 1177101972355928  [] []
[2016-11-20 17:53:39] system.INFO: Query Params : [] [] []
[2016-11-20 17:53:39] system.INFO: Query Command : INSERT INTO fb_users () VALUES ()  [] []
[2016-11-20 17:53:39] system.INFO: Query Params : [] [] []
[2016-11-20 17:53:39] system.INFO: Query Command : SELECT user_id FROM fb_users  WHERE facebook_id LIKE '1177101972355928'  [] []
[2016-11-20 17:53:39] system.INFO: Query Params : [] [] []
[2016-11-20 17:53:39] system.INFO: Response code: <200>  [] []
[2016-11-20 17:53:39] system.INFO: ----------- Response message : {"success":true,"user_id":6} [] []
[2016-11-20 17:53:39] system.INFO: ----------- Request from 1.1.1.43 /TananutServer/tblogger2/board/getListText [] []
[2016-11-20 17:53:39] system.INFO: Query Command : SELECT * FROM boards  WHERE user_id = 6  [] []
[2016-11-20 17:53:39] system.INFO: Query Params : [] [] []
[2016-11-20 17:53:39] system.INFO: Query Command : SELECT first_name, last_name, picture_src FROM users  WHERE id = 6  [] []
[2016-11-20 17:53:39] system.INFO: Query Params : [] [] []
[2016-11-20 17:53:39] system.INFO: Response code: <200>  [] []
[2016-11-20 17:53:39] system.INFO: ----------- Response message : {"success":true,"message":[{"first_name":"Bhurivat","last_name":"Montri","picture_src":"https:\/\/scontent.xx.fbcdn.net\/v\/t1.0-1\/c0.0.50.50\/p50x50\/15056322_1174055655993893_3749464813267731222_n.jpg?oh=79a6df6869784120d87bb580f6601d60&oe=58BD2298"}]} [] []
[2016-11-20 17:53:47] system.INFO: ----------- Request from 1.1.1.43 /TananutServer/tblogger2/user/login/? [] []
[2016-11-20 17:53:47] system.INFO: Query Command : SELECT * FROM fb_users  WHERE facebook_id LIKE 1177101972355928  [] []
[2016-11-20 17:53:47] system.INFO: Query Params : [] [] []
[2016-11-20 17:53:47] system.INFO: Query Command : INSERT INTO fb_users () VALUES ()  [] []
[2016-11-20 17:53:47] system.INFO: Query Params : [] [] []
[2016-11-20 17:53:47] system.INFO: Query Command : SELECT user_id FROM fb_users  WHERE facebook_id LIKE '1177101972355928'  [] []
[2016-11-20 17:53:47] system.INFO: Query Params : [] [] []
[2016-11-20 17:53:47] system.INFO: Response code: <200>  [] []
[2016-11-20 17:53:47] system.INFO: ----------- Response message : {"success":true,"user_id":6} [] []
[2016-11-20 17:53:47] system.INFO: ----------- Request from 1.1.1.43 /TananutServer/tblogger2/board/getListText [] []
[2016-11-20 17:53:47] system.INFO: Query Command : SELECT * FROM boards  WHERE user_id = 6  [] []
[2016-11-20 17:53:47] system.INFO: Query Params : [] [] []
[2016-11-20 17:53:47] system.INFO: Query Command : SELECT first_name, last_name, picture_src FROM users  WHERE id = 6  [] []
[2016-11-20 17:53:47] system.INFO: Query Params : [] [] []
[2016-11-20 17:53:47] system.INFO: Response code: <200>  [] []
[2016-11-20 17:53:47] system.INFO: ----------- Response message : {"success":true,"message":[{"first_name":"Bhurivat","last_name":"Montri","picture_src":"https:\/\/scontent.xx.fbcdn.net\/v\/t1.0-1\/c0.0.50.50\/p50x50\/15056322_1174055655993893_3749464813267731222_n.jpg?oh=79a6df6869784120d87bb580f6601d60&oe=58BD2298"}]} [] []
[2016-11-20 17:54:50] system.INFO: ----------- Request from 1.1.1.43 /TananutServer/tblogger2/user/login/? [] []
[2016-11-20 17:54:50] system.INFO: Query Command : SELECT * FROM fb_users  WHERE facebook_id LIKE 1177101972355928  [] []
[2016-11-20 17:54:50] system.INFO: Query Params : [] [] []
[2016-11-20 17:54:50] system.INFO: Query Command : INSERT INTO fb_users () VALUES ()  [] []
[2016-11-20 17:54:50] system.INFO: Query Params : [] [] []
[2016-11-20 17:54:51] system.INFO: Query Command : SELECT user_id FROM fb_users  WHERE facebook_id LIKE '1177101972355928'  [] []
[2016-11-20 17:54:51] system.INFO: Query Params : [] [] []
[2016-11-20 17:54:51] system.INFO: Response code: <200>  [] []
[2016-11-20 17:54:51] system.INFO: ----------- Response message : {"success":true,"user_id":6} [] []
[2016-11-20 17:54:51] system.INFO: ----------- Request from 1.1.1.43 /TananutServer/tblogger2/board/getListText [] []
[2016-11-20 17:54:51] system.INFO: Query Command : SELECT * FROM boards  WHERE user_id = 6  [] []
[2016-11-20 17:54:51] system.INFO: Query Params : [] [] []
[2016-11-20 17:54:51] system.INFO: Query Command : SELECT first_name, last_name, picture_src FROM users  WHERE id = 6  [] []
[2016-11-20 17:54:51] system.INFO: Query Params : [] [] []
[2016-11-20 17:54:51] system.INFO: Response code: <200>  [] []
[2016-11-20 17:54:51] system.INFO: ----------- Response message : {"success":true,"message":[{"first_name":"Bhurivat","last_name":"Montri","picture_src":"https:\/\/scontent.xx.fbcdn.net\/v\/t1.0-1\/c0.0.50.50\/p50x50\/15056322_1174055655993893_3749464813267731222_n.jpg?oh=79a6df6869784120d87bb580f6601d60&oe=58BD2298"}]} [] []
[2016-11-20 17:55:02] system.INFO: ----------- Request from 1.1.1.43 /TananutServer/tblogger2/board/getListText [] []
[2016-11-20 17:55:02] system.INFO: Query Command : SELECT * FROM boards  WHERE user_id = 6  [] []
[2016-11-20 17:55:02] system.INFO: Query Params : [] [] []
[2016-11-20 17:55:02] system.INFO: Query Command : SELECT first_name, last_name, picture_src FROM users  WHERE id = 6  [] []
[2016-11-20 17:55:02] system.INFO: Query Params : [] [] []
[2016-11-20 17:55:02] system.INFO: Response code: <200>  [] []
[2016-11-20 17:55:02] system.INFO: ----------- Response message : {"success":true,"message":[{"first_name":"Bhurivat","last_name":"Montri","picture_src":"https:\/\/scontent.xx.fbcdn.net\/v\/t1.0-1\/c0.0.50.50\/p50x50\/15056322_1174055655993893_3749464813267731222_n.jpg?oh=79a6df6869784120d87bb580f6601d60&oe=58BD2298"}]} [] []
[2016-11-20 17:56:36] system.INFO: ----------- Request from 1.1.1.43 /TananutServer/tblogger2/board/getListText [] []
[2016-11-20 17:56:36] system.INFO: Query Command : SELECT * FROM boards  WHERE user_id = 6  [] []
[2016-11-20 17:56:36] system.INFO: Query Params : [] [] []
[2016-11-20 17:56:36] system.INFO: Query Command : SELECT first_name, last_name, picture_src FROM users  WHERE id = 6  [] []
[2016-11-20 17:56:36] system.INFO: Query Params : [] [] []
[2016-11-20 17:56:36] system.INFO: Response code: <200>  [] []
[2016-11-20 17:56:36] system.INFO: ----------- Response message : {"success":true,"message":[{"first_name":"Bhurivat","last_name":"Montri","picture_src":"https:\/\/scontent.xx.fbcdn.net\/v\/t1.0-1\/c0.0.50.50\/p50x50\/15056322_1174055655993893_3749464813267731222_n.jpg?oh=79a6df6869784120d87bb580f6601d60&oe=58BD2298"}]} [] []
[2016-11-20 17:56:39] system.INFO: ----------- Request from 1.1.1.43 /TananutServer/tblogger2/user/login/? [] []
[2016-11-20 17:56:39] system.INFO: Query Command : SELECT * FROM fb_users  WHERE facebook_id LIKE 1177101972355928  [] []
[2016-11-20 17:56:39] system.INFO: Query Params : [] [] []
[2016-11-20 17:56:39] system.INFO: Query Command : INSERT INTO fb_users () VALUES ()  [] []
[2016-11-20 17:56:39] system.INFO: Query Params : [] [] []
[2016-11-20 17:56:39] system.INFO: Query Command : SELECT user_id FROM fb_users  WHERE facebook_id LIKE '1177101972355928'  [] []
[2016-11-20 17:56:39] system.INFO: Query Params : [] [] []
[2016-11-20 17:56:39] system.INFO: Response code: <200>  [] []
[2016-11-20 17:56:39] system.INFO: ----------- Response message : {"success":true,"user_id":6} [] []
[2016-11-20 17:56:50] system.INFO: ----------- Request from 1.1.1.43 /TananutServer/tblogger2/user/login/? [] []
[2016-11-20 17:56:51] system.INFO: Query Command : SELECT * FROM fb_users  WHERE facebook_id LIKE 1177101972355928  [] []
[2016-11-20 17:56:51] system.INFO: Query Params : [] [] []
[2016-11-20 17:56:51] system.INFO: Query Command : INSERT INTO fb_users () VALUES ()  [] []
[2016-11-20 17:56:51] system.INFO: Query Params : [] [] []
[2016-11-20 17:56:51] system.INFO: Query Command : SELECT user_id FROM fb_users  WHERE facebook_id LIKE '1177101972355928'  [] []
[2016-11-20 17:56:51] system.INFO: Query Params : [] [] []
[2016-11-20 17:56:51] system.INFO: Response code: <200>  [] []
[2016-11-20 17:56:51] system.INFO: ----------- Response message : {"success":true,"user_id":6} [] []
[2016-11-20 17:57:08] system.INFO: ----------- Request from 1.1.1.43 /TananutServer/tblogger2/board/getListText [] []
[2016-11-20 17:57:08] system.INFO: Query Command : SELECT * FROM boards  WHERE user_id = 6  [] []
[2016-11-20 17:57:08] system.INFO: Query Params : [] [] []
[2016-11-20 17:57:08] system.INFO: Query Command : SELECT first_name, last_name, picture_src FROM users  WHERE id = 6  [] []
[2016-11-20 17:57:08] system.INFO: Query Params : [] [] []
[2016-11-20 17:57:08] system.INFO: Response code: <200>  [] []
[2016-11-20 17:57:08] system.INFO: ----------- Response message : {"success":true,"message":[{"first_name":"Bhurivat","last_name":"Montri","picture_src":"https:\/\/scontent.xx.fbcdn.net\/v\/t1.0-1\/c0.0.50.50\/p50x50\/15056322_1174055655993893_3749464813267731222_n.jpg?oh=79a6df6869784120d87bb580f6601d60&oe=58BD2298"}]} [] []
[2016-11-20 17:57:15] system.INFO: ----------- Request from 1.1.1.43 /TananutServer/tblogger2/user/login/? [] []
[2016-11-20 17:57:16] system.INFO: Query Command : SELECT * FROM fb_users  WHERE facebook_id LIKE 1177101972355928  [] []
[2016-11-20 17:57:16] system.INFO: Query Params : [] [] []
[2016-11-20 17:57:16] system.INFO: Query Command : INSERT INTO fb_users () VALUES ()  [] []
[2016-11-20 17:57:16] system.INFO: Query Params : [] [] []
[2016-11-20 17:57:16] system.INFO: Query Command : SELECT user_id FROM fb_users  WHERE facebook_id LIKE '1177101972355928'  [] []
[2016-11-20 17:57:16] system.INFO: Query Params : [] [] []
[2016-11-20 17:57:16] system.INFO: Response code: <200>  [] []
[2016-11-20 17:57:16] system.INFO: ----------- Response message : {"success":true,"user_id":6} [] []
[2016-11-20 17:57:16] system.INFO: ----------- Request from 1.1.1.43 /TananutServer/tblogger2/board/getListText [] []
[2016-11-20 17:57:16] system.INFO: Query Command : SELECT * FROM boards  WHERE user_id = 6  [] []
[2016-11-20 17:57:16] system.INFO: Query Params : [] [] []
[2016-11-20 17:57:16] system.INFO: Query Command : SELECT first_name, last_name, picture_src FROM users  WHERE id = 6  [] []
[2016-11-20 17:57:16] system.INFO: Query Params : [] [] []
[2016-11-20 17:57:16] system.INFO: Response code: <200>  [] []
[2016-11-20 17:57:16] system.INFO: ----------- Response message : {"success":true,"message":[{"first_name":"Bhurivat","last_name":"Montri","picture_src":"https:\/\/scontent.xx.fbcdn.net\/v\/t1.0-1\/c0.0.50.50\/p50x50\/15056322_1174055655993893_3749464813267731222_n.jpg?oh=79a6df6869784120d87bb580f6601d60&oe=58BD2298"}]} [] []
[2016-11-20 17:58:36] system.INFO: ----------- Request from 1.1.1.43 /TananutServer/tblogger2/board/getListText [] []
[2016-11-20 17:58:36] system.INFO: Query Command : SELECT * FROM boards  WHERE user_id = 6  [] []
[2016-11-20 17:58:36] system.INFO: Query Params : [] [] []
[2016-11-20 17:58:36] system.INFO: Query Command : SELECT first_name, last_name, picture_src FROM users  WHERE id = 6  [] []
[2016-11-20 17:58:36] system.INFO: Query Params : [] [] []
[2016-11-20 17:58:36] system.INFO: Response code: <200>  [] []
[2016-11-20 17:58:36] system.INFO: ----------- Response message : {"success":true,"message":[{"first_name":"Bhurivat","last_name":"Montri","picture_src":"https:\/\/scontent.xx.fbcdn.net\/v\/t1.0-1\/c0.0.50.50\/p50x50\/15056322_1174055655993893_3749464813267731222_n.jpg?oh=79a6df6869784120d87bb580f6601d60&oe=58BD2298"}]} [] []
[2016-11-20 17:58:38] system.INFO: ----------- Request from 1.1.1.43 /TananutServer/tblogger2/user/login/? [] []
[2016-11-20 17:58:39] system.INFO: Query Command : SELECT * FROM fb_users  WHERE facebook_id LIKE 1177101972355928  [] []
[2016-11-20 17:58:39] system.INFO: Query Params : [] [] []
[2016-11-20 17:58:39] system.INFO: Query Command : INSERT INTO fb_users () VALUES ()  [] []
[2016-11-20 17:58:39] system.INFO: Query Params : [] [] []
[2016-11-20 17:58:39] system.INFO: Query Command : SELECT user_id FROM fb_users  WHERE facebook_id LIKE '1177101972355928'  [] []
[2016-11-20 17:58:39] system.INFO: Query Params : [] [] []
[2016-11-20 17:58:39] system.INFO: Response code: <200>  [] []
[2016-11-20 17:58:39] system.INFO: ----------- Response message : {"success":true,"user_id":6} [] []
[2016-11-20 17:58:45] system.INFO: ----------- Request from 1.1.1.43 /TananutServer/tblogger2/board/getListText [] []
[2016-11-20 17:58:45] system.INFO: Query Command : SELECT * FROM boards  WHERE user_id = 6  [] []
[2016-11-20 17:58:45] system.INFO: Query Params : [] [] []
[2016-11-20 17:58:45] system.INFO: Query Command : SELECT first_name, last_name, picture_src FROM users  WHERE id = 6  [] []
[2016-11-20 17:58:45] system.INFO: Query Params : [] [] []
[2016-11-20 17:58:45] system.INFO: Response code: <200>  [] []
[2016-11-20 17:58:45] system.INFO: ----------- Response message : {"success":true,"message":[{"first_name":"Bhurivat","last_name":"Montri","picture_src":"https:\/\/scontent.xx.fbcdn.net\/v\/t1.0-1\/c0.0.50.50\/p50x50\/15056322_1174055655993893_3749464813267731222_n.jpg?oh=79a6df6869784120d87bb580f6601d60&oe=58BD2298"}]} [] []
